System.Xml.Schema.XmlSchemaValidationException: Der Typ 'MediaType' ist kein einfacher Typ oder wurde nicht deklariert.
   bei System.Xml.Schema.XmlSchemaValidator.SendValidationEvent(XmlSchemaValidationException e, XmlSeverityType severity)
   bei System.Xml.Schema.XmlSchemaValidator.SendValidationEvent(XmlSchemaException e)
   bei System.Xml.Schema.XmlSchemaValidator.RecompileSchemaSet()
   bei System.Xml.Schema.XmlSchemaValidator.Init()
   bei System.Xml.Schema.XmlSchemaValidator..ctor(XmlNameTable nameTable, XmlSchemaSet schemas, IXmlNamespaceResolver namespaceResolver, XmlSchemaValidationFlags validationFlags)
   bei System.Xml.DocumentSchemaValidator.CreateValidator(XmlSchemaObject partialValidationType, XmlSchemaValidationFlags validationFlags)
   bei System.Xml.DocumentSchemaValidator.Validate(XmlNode nodeToValidate)
   bei System.Xml.XmlDocument.Validate(ValidationEventHandler validationEventHandler, XmlNode nodeToValidate)
   bei System.Xml.XmlDocument.Validate(ValidationEventHandler validationEventHandler)
   bei KoheletNetwork.ZefaniaXmlBible.ValidateXmlDataWithSchema(String targetNamespace, String schemaName) in C:\Users\bible\Documents\GitHub\zefania-xml-data\ZefaniaXmlBible.vb:Zeile 289.
   bei KoheletNetwork.ZefaniaXmlBible.ValidateXmlData() in C:\Users\bible\Documents\GitHub\zefania-xml-data\ZefaniaXmlBible.vb:Zeile 268.
   bei KoheletNetwork.ZefaniaXmlBible.ValidateDeeply() in C:\Users\bible\Documents\GitHub\zefania-xml-data\ZefaniaXmlBible.vb:Zeile 368.
System.Exception: Book name not available for book index 0 ---> System.NullReferenceException: Der Objektverweis wurde nicht auf eine Objektinstanz festgelegt.
   bei KoheletNetwork.ZefaniaXmlBook.get_BookName() in C:\Users\bible\Documents\GitHub\zefania-xml-data\ZefaniaXmlBook.vb:Zeile 25.
   bei KoheletNetwork.ZefaniaXmlBible.ValidateDeeply() in C:\Users\bible\Documents\GitHub\zefania-xml-data\ZefaniaXmlBible.vb:Zeile 395.
   --- Ende der internen Ausnahmestapelüberwachung ---
System.Exception: Book name not available for book index 1 ---> System.NullReferenceException: Der Objektverweis wurde nicht auf eine Objektinstanz festgelegt.
   bei KoheletNetwork.ZefaniaXmlBook.get_BookName() in C:\Users\bible\Documents\GitHub\zefania-xml-data\ZefaniaXmlBook.vb:Zeile 25.
   bei KoheletNetwork.ZefaniaXmlBible.ValidateDeeply() in C:\Users\bible\Documents\GitHub\zefania-xml-data\ZefaniaXmlBible.vb:Zeile 395.
   --- Ende der internen Ausnahmestapelüberwachung ---
System.Exception: Book name not available for book index 2 ---> System.NullReferenceException: Der Objektverweis wurde nicht auf eine Objektinstanz festgelegt.
   bei KoheletNetwork.ZefaniaXmlBook.get_BookName() in C:\Users\bible\Documents\GitHub\zefania-xml-data\ZefaniaXmlBook.vb:Zeile 25.
   bei KoheletNetwork.ZefaniaXmlBible.ValidateDeeply() in C:\Users\bible\Documents\GitHub\zefania-xml-data\ZefaniaXmlBible.vb:Zeile 395.
   --- Ende der internen Ausnahmestapelüberwachung ---
System.Exception: Book name not available for book index 3 ---> System.NullReferenceException: Der Objektverweis wurde nicht auf eine Objektinstanz festgelegt.
   bei KoheletNetwork.ZefaniaXmlBook.get_BookName() in C:\Users\bible\Documents\GitHub\zefania-xml-data\ZefaniaXmlBook.vb:Zeile 25.
   bei KoheletNetwork.ZefaniaXmlBible.ValidateDeeply() in C:\Users\bible\Documents\GitHub\zefania-xml-data\ZefaniaXmlBible.vb:Zeile 395.
   --- Ende der internen Ausnahmestapelüberwachung ---
System.Exception: Book name not available for book index 4 ---> System.NullReferenceException: Der Objektverweis wurde nicht auf eine Objektinstanz festgelegt.
   bei KoheletNetwork.ZefaniaXmlBook.get_BookName() in C:\Users\bible\Documents\GitHub\zefania-xml-data\ZefaniaXmlBook.vb:Zeile 25.
   bei KoheletNetwork.ZefaniaXmlBible.ValidateDeeply() in C:\Users\bible\Documents\GitHub\zefania-xml-data\ZefaniaXmlBible.vb:Zeile 395.
   --- Ende der internen Ausnahmestapelüberwachung ---
System.Exception: Book name not available for book index 5 ---> System.NullReferenceException: Der Objektverweis wurde nicht auf eine Objektinstanz festgelegt.
   bei KoheletNetwork.ZefaniaXmlBook.get_BookName() in C:\Users\bible\Documents\GitHub\zefania-xml-data\ZefaniaXmlBook.vb:Zeile 25.
   bei KoheletNetwork.ZefaniaXmlBible.ValidateDeeply() in C:\Users\bible\Documents\GitHub\zefania-xml-data\ZefaniaXmlBible.vb:Zeile 395.
   --- Ende der internen Ausnahmestapelüberwachung ---
System.Exception: Book name not available for book index 6 ---> System.NullReferenceException: Der Objektverweis wurde nicht auf eine Objektinstanz festgelegt.
   bei KoheletNetwork.ZefaniaXmlBook.get_BookName() in C:\Users\bible\Documents\GitHub\zefania-xml-data\ZefaniaXmlBook.vb:Zeile 25.
   bei KoheletNetwork.ZefaniaXmlBible.ValidateDeeply() in C:\Users\bible\Documents\GitHub\zefania-xml-data\ZefaniaXmlBible.vb:Zeile 395.
   --- Ende der internen Ausnahmestapelüberwachung ---
System.Exception: Book name not available for book index 7 ---> System.NullReferenceException: Der Objektverweis wurde nicht auf eine Objektinstanz festgelegt.
   bei KoheletNetwork.ZefaniaXmlBook.get_BookName() in C:\Users\bible\Documents\GitHub\zefania-xml-data\ZefaniaXmlBook.vb:Zeile 25.
   bei KoheletNetwork.ZefaniaXmlBible.ValidateDeeply() in C:\Users\bible\Documents\GitHub\zefania-xml-data\ZefaniaXmlBible.vb:Zeile 395.
   --- Ende der internen Ausnahmestapelüberwachung ---
System.Exception: Book name not available for book index 8 ---> System.NullReferenceException: Der Objektverweis wurde nicht auf eine Objektinstanz festgelegt.
   bei KoheletNetwork.ZefaniaXmlBook.get_BookName() in C:\Users\bible\Documents\GitHub\zefania-xml-data\ZefaniaXmlBook.vb:Zeile 25.
   bei KoheletNetwork.ZefaniaXmlBible.ValidateDeeply() in C:\Users\bible\Documents\GitHub\zefania-xml-data\ZefaniaXmlBible.vb:Zeile 395.
   --- Ende der internen Ausnahmestapelüberwachung ---
System.Exception: Book name not available for book index 9 ---> System.NullReferenceException: Der Objektverweis wurde nicht auf eine Objektinstanz festgelegt.
   bei KoheletNetwork.ZefaniaXmlBook.get_BookName() in C:\Users\bible\Documents\GitHub\zefania-xml-data\ZefaniaXmlBook.vb:Zeile 25.
   bei KoheletNetwork.ZefaniaXmlBible.ValidateDeeply() in C:\Users\bible\Documents\GitHub\zefania-xml-data\ZefaniaXmlBible.vb:Zeile 395.
   --- Ende der internen Ausnahmestapelüberwachung ---
System.Exception: Book name not available for book index 10 ---> System.NullReferenceException: Der Objektverweis wurde nicht auf eine Objektinstanz festgelegt.
   bei KoheletNetwork.ZefaniaXmlBook.get_BookName() in C:\Users\bible\Documents\GitHub\zefania-xml-data\ZefaniaXmlBook.vb:Zeile 25.
   bei KoheletNetwork.ZefaniaXmlBible.ValidateDeeply() in C:\Users\bible\Documents\GitHub\zefania-xml-data\ZefaniaXmlBible.vb:Zeile 395.
   --- Ende der internen Ausnahmestapelüberwachung ---
System.Exception: Book name not available for book index 11 ---> System.NullReferenceException: Der Objektverweis wurde nicht auf eine Objektinstanz festgelegt.
   bei KoheletNetwork.ZefaniaXmlBook.get_BookName() in C:\Users\bible\Documents\GitHub\zefania-xml-data\ZefaniaXmlBook.vb:Zeile 25.
   bei KoheletNetwork.ZefaniaXmlBible.ValidateDeeply() in C:\Users\bible\Documents\GitHub\zefania-xml-data\ZefaniaXmlBible.vb:Zeile 395.
   --- Ende der internen Ausnahmestapelüberwachung ---
System.Exception: Book name not available for book index 12 ---> System.NullReferenceException: Der Objektverweis wurde nicht auf eine Objektinstanz festgelegt.
   bei KoheletNetwork.ZefaniaXmlBook.get_BookName() in C:\Users\bible\Documents\GitHub\zefania-xml-data\ZefaniaXmlBook.vb:Zeile 25.
   bei KoheletNetwork.ZefaniaXmlBible.ValidateDeeply() in C:\Users\bible\Documents\GitHub\zefania-xml-data\ZefaniaXmlBible.vb:Zeile 395.
   --- Ende der internen Ausnahmestapelüberwachung ---
System.Exception: Book name not available for book index 13 ---> System.NullReferenceException: Der Objektverweis wurde nicht auf eine Objektinstanz festgelegt.
   bei KoheletNetwork.ZefaniaXmlBook.get_BookName() in C:\Users\bible\Documents\GitHub\zefania-xml-data\ZefaniaXmlBook.vb:Zeile 25.
   bei KoheletNetwork.ZefaniaXmlBible.ValidateDeeply() in C:\Users\bible\Documents\GitHub\zefania-xml-data\ZefaniaXmlBible.vb:Zeile 395.
   --- Ende der internen Ausnahmestapelüberwachung ---
System.Exception: Book name not available for book index 14 ---> System.NullReferenceException: Der Objektverweis wurde nicht auf eine Objektinstanz festgelegt.
   bei KoheletNetwork.ZefaniaXmlBook.get_BookName() in C:\Users\bible\Documents\GitHub\zefania-xml-data\ZefaniaXmlBook.vb:Zeile 25.
   bei KoheletNetwork.ZefaniaXmlBible.ValidateDeeply() in C:\Users\bible\Documents\GitHub\zefania-xml-data\ZefaniaXmlBible.vb:Zeile 395.
   --- Ende der internen Ausnahmestapelüberwachung ---
System.Exception: Book name not available for book index 15 ---> System.NullReferenceException: Der Objektverweis wurde nicht auf eine Objektinstanz festgelegt.
   bei KoheletNetwork.ZefaniaXmlBook.get_BookName() in C:\Users\bible\Documents\GitHub\zefania-xml-data\ZefaniaXmlBook.vb:Zeile 25.
   bei KoheletNetwork.ZefaniaXmlBible.ValidateDeeply() in C:\Users\bible\Documents\GitHub\zefania-xml-data\ZefaniaXmlBible.vb:Zeile 395.
   --- Ende der internen Ausnahmestapelüberwachung ---
System.Exception: Book name not available for book index 16 ---> System.NullReferenceException: Der Objektverweis wurde nicht auf eine Objektinstanz festgelegt.
   bei KoheletNetwork.ZefaniaXmlBook.get_BookName() in C:\Users\bible\Documents\GitHub\zefania-xml-data\ZefaniaXmlBook.vb:Zeile 25.
   bei KoheletNetwork.ZefaniaXmlBible.ValidateDeeply() in C:\Users\bible\Documents\GitHub\zefania-xml-data\ZefaniaXmlBible.vb:Zeile 395.
   --- Ende der internen Ausnahmestapelüberwachung ---
System.Exception: Book name not available for book index 17 ---> System.NullReferenceException: Der Objektverweis wurde nicht auf eine Objektinstanz festgelegt.
   bei KoheletNetwork.ZefaniaXmlBook.get_BookName() in C:\Users\bible\Documents\GitHub\zefania-xml-data\ZefaniaXmlBook.vb:Zeile 25.
   bei KoheletNetwork.ZefaniaXmlBible.ValidateDeeply() in C:\Users\bible\Documents\GitHub\zefania-xml-data\ZefaniaXmlBible.vb:Zeile 395.
   --- Ende der internen Ausnahmestapelüberwachung ---
System.Exception: Book name not available for book index 18 ---> System.NullReferenceException: Der Objektverweis wurde nicht auf eine Objektinstanz festgelegt.
   bei KoheletNetwork.ZefaniaXmlBook.get_BookName() in C:\Users\bible\Documents\GitHub\zefania-xml-data\ZefaniaXmlBook.vb:Zeile 25.
   bei KoheletNetwork.ZefaniaXmlBible.ValidateDeeply() in C:\Users\bible\Documents\GitHub\zefania-xml-data\ZefaniaXmlBible.vb:Zeile 395.
   --- Ende der internen Ausnahmestapelüberwachung ---
System.Exception: Book name not available for book index 19 ---> System.NullReferenceException: Der Objektverweis wurde nicht auf eine Objektinstanz festgelegt.
   bei KoheletNetwork.ZefaniaXmlBook.get_BookName() in C:\Users\bible\Documents\GitHub\zefania-xml-data\ZefaniaXmlBook.vb:Zeile 25.
   bei KoheletNetwork.ZefaniaXmlBible.ValidateDeeply() in C:\Users\bible\Documents\GitHub\zefania-xml-data\ZefaniaXmlBible.vb:Zeile 395.
   --- Ende der internen Ausnahmestapelüberwachung ---
System.Exception: Book name not available for book index 20 ---> System.NullReferenceException: Der Objektverweis wurde nicht auf eine Objektinstanz festgelegt.
   bei KoheletNetwork.ZefaniaXmlBook.get_BookName() in C:\Users\bible\Documents\GitHub\zefania-xml-data\ZefaniaXmlBook.vb:Zeile 25.
   bei KoheletNetwork.ZefaniaXmlBible.ValidateDeeply() in C:\Users\bible\Documents\GitHub\zefania-xml-data\ZefaniaXmlBible.vb:Zeile 395.
   --- Ende der internen Ausnahmestapelüberwachung ---
System.Exception: Book name not available for book index 21 ---> System.NullReferenceException: Der Objektverweis wurde nicht auf eine Objektinstanz festgelegt.
   bei KoheletNetwork.ZefaniaXmlBook.get_BookName() in C:\Users\bible\Documents\GitHub\zefania-xml-data\ZefaniaXmlBook.vb:Zeile 25.
   bei KoheletNetwork.ZefaniaXmlBible.ValidateDeeply() in C:\Users\bible\Documents\GitHub\zefania-xml-data\ZefaniaXmlBible.vb:Zeile 395.
   --- Ende der internen Ausnahmestapelüberwachung ---
System.Exception: Book name not available for book index 22 ---> System.NullReferenceException: Der Objektverweis wurde nicht auf eine Objektinstanz festgelegt.
   bei KoheletNetwork.ZefaniaXmlBook.get_BookName() in C:\Users\bible\Documents\GitHub\zefania-xml-data\ZefaniaXmlBook.vb:Zeile 25.
   bei KoheletNetwork.ZefaniaXmlBible.ValidateDeeply() in C:\Users\bible\Documents\GitHub\zefania-xml-data\ZefaniaXmlBible.vb:Zeile 395.
   --- Ende der internen Ausnahmestapelüberwachung ---
System.Exception: Book name not available for book index 23 ---> System.NullReferenceException: Der Objektverweis wurde nicht auf eine Objektinstanz festgelegt.
   bei KoheletNetwork.ZefaniaXmlBook.get_BookName() in C:\Users\bible\Documents\GitHub\zefania-xml-data\ZefaniaXmlBook.vb:Zeile 25.
   bei KoheletNetwork.ZefaniaXmlBible.ValidateDeeply() in C:\Users\bible\Documents\GitHub\zefania-xml-data\ZefaniaXmlBible.vb:Zeile 395.
   --- Ende der internen Ausnahmestapelüberwachung ---
System.Exception: Book name not available for book index 24 ---> System.NullReferenceException: Der Objektverweis wurde nicht auf eine Objektinstanz festgelegt.
   bei KoheletNetwork.ZefaniaXmlBook.get_BookName() in C:\Users\bible\Documents\GitHub\zefania-xml-data\ZefaniaXmlBook.vb:Zeile 25.
   bei KoheletNetwork.ZefaniaXmlBible.ValidateDeeply() in C:\Users\bible\Documents\GitHub\zefania-xml-data\ZefaniaXmlBible.vb:Zeile 395.
   --- Ende der internen Ausnahmestapelüberwachung ---
System.Exception: Book name not available for book index 25 ---> System.NullReferenceException: Der Objektverweis wurde nicht auf eine Objektinstanz festgelegt.
   bei KoheletNetwork.ZefaniaXmlBook.get_BookName() in C:\Users\bible\Documents\GitHub\zefania-xml-data\ZefaniaXmlBook.vb:Zeile 25.
   bei KoheletNetwork.ZefaniaXmlBible.ValidateDeeply() in C:\Users\bible\Documents\GitHub\zefania-xml-data\ZefaniaXmlBible.vb:Zeile 395.
   --- Ende der internen Ausnahmestapelüberwachung ---
System.Exception: Book name not available for book index 26 ---> System.NullReferenceException: Der Objektverweis wurde nicht auf eine Objektinstanz festgelegt.
   bei KoheletNetwork.ZefaniaXmlBook.get_BookName() in C:\Users\bible\Documents\GitHub\zefania-xml-data\ZefaniaXmlBook.vb:Zeile 25.
   bei KoheletNetwork.ZefaniaXmlBible.ValidateDeeply() in C:\Users\bible\Documents\GitHub\zefania-xml-data\ZefaniaXmlBible.vb:Zeile 395.
   --- Ende der internen Ausnahmestapelüberwachung ---
System.Exception: Book name not available for book index 27 ---> System.NullReferenceException: Der Objektverweis wurde nicht auf eine Objektinstanz festgelegt.
   bei KoheletNetwork.ZefaniaXmlBook.get_BookName() in C:\Users\bible\Documents\GitHub\zefania-xml-data\ZefaniaXmlBook.vb:Zeile 25.
   bei KoheletNetwork.ZefaniaXmlBible.ValidateDeeply() in C:\Users\bible\Documents\GitHub\zefania-xml-data\ZefaniaXmlBible.vb:Zeile 395.
   --- Ende der internen Ausnahmestapelüberwachung ---
System.Exception: Book name not available for book index 28 ---> System.NullReferenceException: Der Objektverweis wurde nicht auf eine Objektinstanz festgelegt.
   bei KoheletNetwork.ZefaniaXmlBook.get_BookName() in C:\Users\bible\Documents\GitHub\zefania-xml-data\ZefaniaXmlBook.vb:Zeile 25.
   bei KoheletNetwork.ZefaniaXmlBible.ValidateDeeply() in C:\Users\bible\Documents\GitHub\zefania-xml-data\ZefaniaXmlBible.vb:Zeile 395.
   --- Ende der internen Ausnahmestapelüberwachung ---
System.Exception: Book name not available for book index 29 ---> System.NullReferenceException: Der Objektverweis wurde nicht auf eine Objektinstanz festgelegt.
   bei KoheletNetwork.ZefaniaXmlBook.get_BookName() in C:\Users\bible\Documents\GitHub\zefania-xml-data\ZefaniaXmlBook.vb:Zeile 25.
   bei KoheletNetwork.ZefaniaXmlBible.ValidateDeeply() in C:\Users\bible\Documents\GitHub\zefania-xml-data\ZefaniaXmlBible.vb:Zeile 395.
   --- Ende der internen Ausnahmestapelüberwachung ---
System.Exception: Book name not available for book index 30 ---> System.NullReferenceException: Der Objektverweis wurde nicht auf eine Objektinstanz festgelegt.
   bei KoheletNetwork.ZefaniaXmlBook.get_BookName() in C:\Users\bible\Documents\GitHub\zefania-xml-data\ZefaniaXmlBook.vb:Zeile 25.
   bei KoheletNetwork.ZefaniaXmlBible.ValidateDeeply() in C:\Users\bible\Documents\GitHub\zefania-xml-data\ZefaniaXmlBible.vb:Zeile 395.
   --- Ende der internen Ausnahmestapelüberwachung ---
System.Exception: Book name not available for book index 31 ---> System.NullReferenceException: Der Objektverweis wurde nicht auf eine Objektinstanz festgelegt.
   bei KoheletNetwork.ZefaniaXmlBook.get_BookName() in C:\Users\bible\Documents\GitHub\zefania-xml-data\ZefaniaXmlBook.vb:Zeile 25.
   bei KoheletNetwork.ZefaniaXmlBible.ValidateDeeply() in C:\Users\bible\Documents\GitHub\zefania-xml-data\ZefaniaXmlBible.vb:Zeile 395.
   --- Ende der internen Ausnahmestapelüberwachung ---
System.Exception: Book name not available for book index 32 ---> System.NullReferenceException: Der Objektverweis wurde nicht auf eine Objektinstanz festgelegt.
   bei KoheletNetwork.ZefaniaXmlBook.get_BookName() in C:\Users\bible\Documents\GitHub\zefania-xml-data\ZefaniaXmlBook.vb:Zeile 25.
   bei KoheletNetwork.ZefaniaXmlBible.ValidateDeeply() in C:\Users\bible\Documents\GitHub\zefania-xml-data\ZefaniaXmlBible.vb:Zeile 395.
   --- Ende der internen Ausnahmestapelüberwachung ---
System.Exception: Book name not available for book index 33 ---> System.NullReferenceException: Der Objektverweis wurde nicht auf eine Objektinstanz festgelegt.
   bei KoheletNetwork.ZefaniaXmlBook.get_BookName() in C:\Users\bible\Documents\GitHub\zefania-xml-data\ZefaniaXmlBook.vb:Zeile 25.
   bei KoheletNetwork.ZefaniaXmlBible.ValidateDeeply() in C:\Users\bible\Documents\GitHub\zefania-xml-data\ZefaniaXmlBible.vb:Zeile 395.
   --- Ende der internen Ausnahmestapelüberwachung ---
System.Exception: Book name not available for book index 34 ---> System.NullReferenceException: Der Objektverweis wurde nicht auf eine Objektinstanz festgelegt.
   bei KoheletNetwork.ZefaniaXmlBook.get_BookName() in C:\Users\bible\Documents\GitHub\zefania-xml-data\ZefaniaXmlBook.vb:Zeile 25.
   bei KoheletNetwork.ZefaniaXmlBible.ValidateDeeply() in C:\Users\bible\Documents\GitHub\zefania-xml-data\ZefaniaXmlBible.vb:Zeile 395.
   --- Ende der internen Ausnahmestapelüberwachung ---
System.Exception: Book name not available for book index 35 ---> System.NullReferenceException: Der Objektverweis wurde nicht auf eine Objektinstanz festgelegt.
   bei KoheletNetwork.ZefaniaXmlBook.get_BookName() in C:\Users\bible\Documents\GitHub\zefania-xml-data\ZefaniaXmlBook.vb:Zeile 25.
   bei KoheletNetwork.ZefaniaXmlBible.ValidateDeeply() in C:\Users\bible\Documents\GitHub\zefania-xml-data\ZefaniaXmlBible.vb:Zeile 395.
   --- Ende der internen Ausnahmestapelüberwachung ---
System.Exception: Book name not available for book index 36 ---> System.NullReferenceException: Der Objektverweis wurde nicht auf eine Objektinstanz festgelegt.
   bei KoheletNetwork.ZefaniaXmlBook.get_BookName() in C:\Users\bible\Documents\GitHub\zefania-xml-data\ZefaniaXmlBook.vb:Zeile 25.
   bei KoheletNetwork.ZefaniaXmlBible.ValidateDeeply() in C:\Users\bible\Documents\GitHub\zefania-xml-data\ZefaniaXmlBible.vb:Zeile 395.
   --- Ende der internen Ausnahmestapelüberwachung ---
System.Exception: Book name not available for book index 37 ---> System.NullReferenceException: Der Objektverweis wurde nicht auf eine Objektinstanz festgelegt.
   bei KoheletNetwork.ZefaniaXmlBook.get_BookName() in C:\Users\bible\Documents\GitHub\zefania-xml-data\ZefaniaXmlBook.vb:Zeile 25.
   bei KoheletNetwork.ZefaniaXmlBible.ValidateDeeply() in C:\Users\bible\Documents\GitHub\zefania-xml-data\ZefaniaXmlBible.vb:Zeile 395.
   --- Ende der internen Ausnahmestapelüberwachung ---
System.Exception: Book name not available for book index 38 ---> System.NullReferenceException: Der Objektverweis wurde nicht auf eine Objektinstanz festgelegt.
   bei KoheletNetwork.ZefaniaXmlBook.get_BookName() in C:\Users\bible\Documents\GitHub\zefania-xml-data\ZefaniaXmlBook.vb:Zeile 25.
   bei KoheletNetwork.ZefaniaXmlBible.ValidateDeeply() in C:\Users\bible\Documents\GitHub\zefania-xml-data\ZefaniaXmlBible.vb:Zeile 395.
   --- Ende der internen Ausnahmestapelüberwachung ---
System.Exception: Book name not available for book index 39 ---> System.NullReferenceException: Der Objektverweis wurde nicht auf eine Objektinstanz festgelegt.
   bei KoheletNetwork.ZefaniaXmlBook.get_BookName() in C:\Users\bible\Documents\GitHub\zefania-xml-data\ZefaniaXmlBook.vb:Zeile 25.
   bei KoheletNetwork.ZefaniaXmlBible.ValidateDeeply() in C:\Users\bible\Documents\GitHub\zefania-xml-data\ZefaniaXmlBible.vb:Zeile 395.
   --- Ende der internen Ausnahmestapelüberwachung ---
System.Exception: Book name not available for book index 40 ---> System.NullReferenceException: Der Objektverweis wurde nicht auf eine Objektinstanz festgelegt.
   bei KoheletNetwork.ZefaniaXmlBook.get_BookName() in C:\Users\bible\Documents\GitHub\zefania-xml-data\ZefaniaXmlBook.vb:Zeile 25.
   bei KoheletNetwork.ZefaniaXmlBible.ValidateDeeply() in C:\Users\bible\Documents\GitHub\zefania-xml-data\ZefaniaXmlBible.vb:Zeile 395.
   --- Ende der internen Ausnahmestapelüberwachung ---
System.Exception: Book name not available for book index 41 ---> System.NullReferenceException: Der Objektverweis wurde nicht auf eine Objektinstanz festgelegt.
   bei KoheletNetwork.ZefaniaXmlBook.get_BookName() in C:\Users\bible\Documents\GitHub\zefania-xml-data\ZefaniaXmlBook.vb:Zeile 25.
   bei KoheletNetwork.ZefaniaXmlBible.ValidateDeeply() in C:\Users\bible\Documents\GitHub\zefania-xml-data\ZefaniaXmlBible.vb:Zeile 395.
   --- Ende der internen Ausnahmestapelüberwachung ---
System.Exception: Book name not available for book index 42 ---> System.NullReferenceException: Der Objektverweis wurde nicht auf eine Objektinstanz festgelegt.
   bei KoheletNetwork.ZefaniaXmlBook.get_BookName() in C:\Users\bible\Documents\GitHub\zefania-xml-data\ZefaniaXmlBook.vb:Zeile 25.
   bei KoheletNetwork.ZefaniaXmlBible.ValidateDeeply() in C:\Users\bible\Documents\GitHub\zefania-xml-data\ZefaniaXmlBible.vb:Zeile 395.
   --- Ende der internen Ausnahmestapelüberwachung ---
System.Exception: Book name not available for book index 43 ---> System.NullReferenceException: Der Objektverweis wurde nicht auf eine Objektinstanz festgelegt.
   bei KoheletNetwork.ZefaniaXmlBook.get_BookName() in C:\Users\bible\Documents\GitHub\zefania-xml-data\ZefaniaXmlBook.vb:Zeile 25.
   bei KoheletNetwork.ZefaniaXmlBible.ValidateDeeply() in C:\Users\bible\Documents\GitHub\zefania-xml-data\ZefaniaXmlBible.vb:Zeile 395.
   --- Ende der internen Ausnahmestapelüberwachung ---
System.Exception: Book name not available for book index 44 ---> System.NullReferenceException: Der Objektverweis wurde nicht auf eine Objektinstanz festgelegt.
   bei KoheletNetwork.ZefaniaXmlBook.get_BookName() in C:\Users\bible\Documents\GitHub\zefania-xml-data\ZefaniaXmlBook.vb:Zeile 25.
   bei KoheletNetwork.ZefaniaXmlBible.ValidateDeeply() in C:\Users\bible\Documents\GitHub\zefania-xml-data\ZefaniaXmlBible.vb:Zeile 395.
   --- Ende der internen Ausnahmestapelüberwachung ---
System.Exception: Book name not available for book index 45 ---> System.NullReferenceException: Der Objektverweis wurde nicht auf eine Objektinstanz festgelegt.
   bei KoheletNetwork.ZefaniaXmlBook.get_BookName() in C:\Users\bible\Documents\GitHub\zefania-xml-data\ZefaniaXmlBook.vb:Zeile 25.
   bei KoheletNetwork.ZefaniaXmlBible.ValidateDeeply() in C:\Users\bible\Documents\GitHub\zefania-xml-data\ZefaniaXmlBible.vb:Zeile 395.
   --- Ende der internen Ausnahmestapelüberwachung ---
System.Exception: Book name not available for book index 46 ---> System.NullReferenceException: Der Objektverweis wurde nicht auf eine Objektinstanz festgelegt.
   bei KoheletNetwork.ZefaniaXmlBook.get_BookName() in C:\Users\bible\Documents\GitHub\zefania-xml-data\ZefaniaXmlBook.vb:Zeile 25.
   bei KoheletNetwork.ZefaniaXmlBible.ValidateDeeply() in C:\Users\bible\Documents\GitHub\zefania-xml-data\ZefaniaXmlBible.vb:Zeile 395.
   --- Ende der internen Ausnahmestapelüberwachung ---
System.Exception: Book name not available for book index 47 ---> System.NullReferenceException: Der Objektverweis wurde nicht auf eine Objektinstanz festgelegt.
   bei KoheletNetwork.ZefaniaXmlBook.get_BookName() in C:\Users\bible\Documents\GitHub\zefania-xml-data\ZefaniaXmlBook.vb:Zeile 25.
   bei KoheletNetwork.ZefaniaXmlBible.ValidateDeeply() in C:\Users\bible\Documents\GitHub\zefania-xml-data\ZefaniaXmlBible.vb:Zeile 395.
   --- Ende der internen Ausnahmestapelüberwachung ---
System.Exception: Book name not available for book index 48 ---> System.NullReferenceException: Der Objektverweis wurde nicht auf eine Objektinstanz festgelegt.
   bei KoheletNetwork.ZefaniaXmlBook.get_BookName() in C:\Users\bible\Documents\GitHub\zefania-xml-data\ZefaniaXmlBook.vb:Zeile 25.
   bei KoheletNetwork.ZefaniaXmlBible.ValidateDeeply() in C:\Users\bible\Documents\GitHub\zefania-xml-data\ZefaniaXmlBible.vb:Zeile 395.
   --- Ende der internen Ausnahmestapelüberwachung ---
System.Exception: Book short name not available for book index 0 ---> System.NullReferenceException: Der Objektverweis wurde nicht auf eine Objektinstanz festgelegt.
   bei KoheletNetwork.ZefaniaXmlBook.get_BookShortName() in C:\Users\bible\Documents\GitHub\zefania-xml-data\ZefaniaXmlBook.vb:Zeile 35.
   bei KoheletNetwork.ZefaniaXmlBible.ValidateDeeply() in C:\Users\bible\Documents\GitHub\zefania-xml-data\ZefaniaXmlBible.vb:Zeile 415.
   --- Ende der internen Ausnahmestapelüberwachung ---
System.Exception: Book short name not available for book index 1 ---> System.NullReferenceException: Der Objektverweis wurde nicht auf eine Objektinstanz festgelegt.
   bei KoheletNetwork.ZefaniaXmlBook.get_BookShortName() in C:\Users\bible\Documents\GitHub\zefania-xml-data\ZefaniaXmlBook.vb:Zeile 35.
   bei KoheletNetwork.ZefaniaXmlBible.ValidateDeeply() in C:\Users\bible\Documents\GitHub\zefania-xml-data\ZefaniaXmlBible.vb:Zeile 415.
   --- Ende der internen Ausnahmestapelüberwachung ---
System.Exception: Book short name not available for book index 2 ---> System.NullReferenceException: Der Objektverweis wurde nicht auf eine Objektinstanz festgelegt.
   bei KoheletNetwork.ZefaniaXmlBook.get_BookShortName() in C:\Users\bible\Documents\GitHub\zefania-xml-data\ZefaniaXmlBook.vb:Zeile 35.
   bei KoheletNetwork.ZefaniaXmlBible.ValidateDeeply() in C:\Users\bible\Documents\GitHub\zefania-xml-data\ZefaniaXmlBible.vb:Zeile 415.
   --- Ende der internen Ausnahmestapelüberwachung ---
System.Exception: Book short name not available for book index 3 ---> System.NullReferenceException: Der Objektverweis wurde nicht auf eine Objektinstanz festgelegt.
   bei KoheletNetwork.ZefaniaXmlBook.get_BookShortName() in C:\Users\bible\Documents\GitHub\zefania-xml-data\ZefaniaXmlBook.vb:Zeile 35.
   bei KoheletNetwork.ZefaniaXmlBible.ValidateDeeply() in C:\Users\bible\Documents\GitHub\zefania-xml-data\ZefaniaXmlBible.vb:Zeile 415.
   --- Ende der internen Ausnahmestapelüberwachung ---
System.Exception: Book short name not available for book index 4 ---> System.NullReferenceException: Der Objektverweis wurde nicht auf eine Objektinstanz festgelegt.
   bei KoheletNetwork.ZefaniaXmlBook.get_BookShortName() in C:\Users\bible\Documents\GitHub\zefania-xml-data\ZefaniaXmlBook.vb:Zeile 35.
   bei KoheletNetwork.ZefaniaXmlBible.ValidateDeeply() in C:\Users\bible\Documents\GitHub\zefania-xml-data\ZefaniaXmlBible.vb:Zeile 415.
   --- Ende der internen Ausnahmestapelüberwachung ---
System.Exception: Book short name not available for book index 5 ---> System.NullReferenceException: Der Objektverweis wurde nicht auf eine Objektinstanz festgelegt.
   bei KoheletNetwork.ZefaniaXmlBook.get_BookShortName() in C:\Users\bible\Documents\GitHub\zefania-xml-data\ZefaniaXmlBook.vb:Zeile 35.
   bei KoheletNetwork.ZefaniaXmlBible.ValidateDeeply() in C:\Users\bible\Documents\GitHub\zefania-xml-data\ZefaniaXmlBible.vb:Zeile 415.
   --- Ende der internen Ausnahmestapelüberwachung ---
System.Exception: Book short name not available for book index 6 ---> System.NullReferenceException: Der Objektverweis wurde nicht auf eine Objektinstanz festgelegt.
   bei KoheletNetwork.ZefaniaXmlBook.get_BookShortName() in C:\Users\bible\Documents\GitHub\zefania-xml-data\ZefaniaXmlBook.vb:Zeile 35.
   bei KoheletNetwork.ZefaniaXmlBible.ValidateDeeply() in C:\Users\bible\Documents\GitHub\zefania-xml-data\ZefaniaXmlBible.vb:Zeile 415.
   --- Ende der internen Ausnahmestapelüberwachung ---
System.Exception: Book short name not available for book index 7 ---> System.NullReferenceException: Der Objektverweis wurde nicht auf eine Objektinstanz festgelegt.
   bei KoheletNetwork.ZefaniaXmlBook.get_BookShortName() in C:\Users\bible\Documents\GitHub\zefania-xml-data\ZefaniaXmlBook.vb:Zeile 35.
   bei KoheletNetwork.ZefaniaXmlBible.ValidateDeeply() in C:\Users\bible\Documents\GitHub\zefania-xml-data\ZefaniaXmlBible.vb:Zeile 415.
   --- Ende der internen Ausnahmestapelüberwachung ---
System.Exception: Book short name not available for book index 8 ---> System.NullReferenceException: Der Objektverweis wurde nicht auf eine Objektinstanz festgelegt.
   bei KoheletNetwork.ZefaniaXmlBook.get_BookShortName() in C:\Users\bible\Documents\GitHub\zefania-xml-data\ZefaniaXmlBook.vb:Zeile 35.
   bei KoheletNetwork.ZefaniaXmlBible.ValidateDeeply() in C:\Users\bible\Documents\GitHub\zefania-xml-data\ZefaniaXmlBible.vb:Zeile 415.
   --- Ende der internen Ausnahmestapelüberwachung ---
System.Exception: Book short name not available for book index 9 ---> System.NullReferenceException: Der Objektverweis wurde nicht auf eine Objektinstanz festgelegt.
   bei KoheletNetwork.ZefaniaXmlBook.get_BookShortName() in C:\Users\bible\Documents\GitHub\zefania-xml-data\ZefaniaXmlBook.vb:Zeile 35.
   bei KoheletNetwork.ZefaniaXmlBible.ValidateDeeply() in C:\Users\bible\Documents\GitHub\zefania-xml-data\ZefaniaXmlBible.vb:Zeile 415.
   --- Ende der internen Ausnahmestapelüberwachung ---
System.Exception: Book short name not available for book index 10 ---> System.NullReferenceException: Der Objektverweis wurde nicht auf eine Objektinstanz festgelegt.
   bei KoheletNetwork.ZefaniaXmlBook.get_BookShortName() in C:\Users\bible\Documents\GitHub\zefania-xml-data\ZefaniaXmlBook.vb:Zeile 35.
   bei KoheletNetwork.ZefaniaXmlBible.ValidateDeeply() in C:\Users\bible\Documents\GitHub\zefania-xml-data\ZefaniaXmlBible.vb:Zeile 415.
   --- Ende der internen Ausnahmestapelüberwachung ---
System.Exception: Book short name not available for book index 11 ---> System.NullReferenceException: Der Objektverweis wurde nicht auf eine Objektinstanz festgelegt.
   bei KoheletNetwork.ZefaniaXmlBook.get_BookShortName() in C:\Users\bible\Documents\GitHub\zefania-xml-data\ZefaniaXmlBook.vb:Zeile 35.
   bei KoheletNetwork.ZefaniaXmlBible.ValidateDeeply() in C:\Users\bible\Documents\GitHub\zefania-xml-data\ZefaniaXmlBible.vb:Zeile 415.
   --- Ende der internen Ausnahmestapelüberwachung ---
System.Exception: Book short name not available for book index 12 ---> System.NullReferenceException: Der Objektverweis wurde nicht auf eine Objektinstanz festgelegt.
   bei KoheletNetwork.ZefaniaXmlBook.get_BookShortName() in C:\Users\bible\Documents\GitHub\zefania-xml-data\ZefaniaXmlBook.vb:Zeile 35.
   bei KoheletNetwork.ZefaniaXmlBible.ValidateDeeply() in C:\Users\bible\Documents\GitHub\zefania-xml-data\ZefaniaXmlBible.vb:Zeile 415.
   --- Ende der internen Ausnahmestapelüberwachung ---
System.Exception: Book short name not available for book index 13 ---> System.NullReferenceException: Der Objektverweis wurde nicht auf eine Objektinstanz festgelegt.
   bei KoheletNetwork.ZefaniaXmlBook.get_BookShortName() in C:\Users\bible\Documents\GitHub\zefania-xml-data\ZefaniaXmlBook.vb:Zeile 35.
   bei KoheletNetwork.ZefaniaXmlBible.ValidateDeeply() in C:\Users\bible\Documents\GitHub\zefania-xml-data\ZefaniaXmlBible.vb:Zeile 415.
   --- Ende der internen Ausnahmestapelüberwachung ---
System.Exception: Book short name not available for book index 14 ---> System.NullReferenceException: Der Objektverweis wurde nicht auf eine Objektinstanz festgelegt.
   bei KoheletNetwork.ZefaniaXmlBook.get_BookShortName() in C:\Users\bible\Documents\GitHub\zefania-xml-data\ZefaniaXmlBook.vb:Zeile 35.
   bei KoheletNetwork.ZefaniaXmlBible.ValidateDeeply() in C:\Users\bible\Documents\GitHub\zefania-xml-data\ZefaniaXmlBible.vb:Zeile 415.
   --- Ende der internen Ausnahmestapelüberwachung ---
System.Exception: Book short name not available for book index 15 ---> System.NullReferenceException: Der Objektverweis wurde nicht auf eine Objektinstanz festgelegt.
   bei KoheletNetwork.ZefaniaXmlBook.get_BookShortName() in C:\Users\bible\Documents\GitHub\zefania-xml-data\ZefaniaXmlBook.vb:Zeile 35.
   bei KoheletNetwork.ZefaniaXmlBible.ValidateDeeply() in C:\Users\bible\Documents\GitHub\zefania-xml-data\ZefaniaXmlBible.vb:Zeile 415.
   --- Ende der internen Ausnahmestapelüberwachung ---
System.Exception: Book short name not available for book index 16 ---> System.NullReferenceException: Der Objektverweis wurde nicht auf eine Objektinstanz festgelegt.
   bei KoheletNetwork.ZefaniaXmlBook.get_BookShortName() in C:\Users\bible\Documents\GitHub\zefania-xml-data\ZefaniaXmlBook.vb:Zeile 35.
   bei KoheletNetwork.ZefaniaXmlBible.ValidateDeeply() in C:\Users\bible\Documents\GitHub\zefania-xml-data\ZefaniaXmlBible.vb:Zeile 415.
   --- Ende der internen Ausnahmestapelüberwachung ---
System.Exception: Book short name not available for book index 17 ---> System.NullReferenceException: Der Objektverweis wurde nicht auf eine Objektinstanz festgelegt.
   bei KoheletNetwork.ZefaniaXmlBook.get_BookShortName() in C:\Users\bible\Documents\GitHub\zefania-xml-data\ZefaniaXmlBook.vb:Zeile 35.
   bei KoheletNetwork.ZefaniaXmlBible.ValidateDeeply() in C:\Users\bible\Documents\GitHub\zefania-xml-data\ZefaniaXmlBible.vb:Zeile 415.
   --- Ende der internen Ausnahmestapelüberwachung ---
System.Exception: Book short name not available for book index 18 ---> System.NullReferenceException: Der Objektverweis wurde nicht auf eine Objektinstanz festgelegt.
   bei KoheletNetwork.ZefaniaXmlBook.get_BookShortName() in C:\Users\bible\Documents\GitHub\zefania-xml-data\ZefaniaXmlBook.vb:Zeile 35.
   bei KoheletNetwork.ZefaniaXmlBible.ValidateDeeply() in C:\Users\bible\Documents\GitHub\zefania-xml-data\ZefaniaXmlBible.vb:Zeile 415.
   --- Ende der internen Ausnahmestapelüberwachung ---
System.Exception: Book short name not available for book index 19 ---> System.NullReferenceException: Der Objektverweis wurde nicht auf eine Objektinstanz festgelegt.
   bei KoheletNetwork.ZefaniaXmlBook.get_BookShortName() in C:\Users\bible\Documents\GitHub\zefania-xml-data\ZefaniaXmlBook.vb:Zeile 35.
   bei KoheletNetwork.ZefaniaXmlBible.ValidateDeeply() in C:\Users\bible\Documents\GitHub\zefania-xml-data\ZefaniaXmlBible.vb:Zeile 415.
   --- Ende der internen Ausnahmestapelüberwachung ---
System.Exception: Book short name not available for book index 20 ---> System.NullReferenceException: Der Objektverweis wurde nicht auf eine Objektinstanz festgelegt.
   bei KoheletNetwork.ZefaniaXmlBook.get_BookShortName() in C:\Users\bible\Documents\GitHub\zefania-xml-data\ZefaniaXmlBook.vb:Zeile 35.
   bei KoheletNetwork.ZefaniaXmlBible.ValidateDeeply() in C:\Users\bible\Documents\GitHub\zefania-xml-data\ZefaniaXmlBible.vb:Zeile 415.
   --- Ende der internen Ausnahmestapelüberwachung ---
System.Exception: Book short name not available for book index 21 ---> System.NullReferenceException: Der Objektverweis wurde nicht auf eine Objektinstanz festgelegt.
   bei KoheletNetwork.ZefaniaXmlBook.get_BookShortName() in C:\Users\bible\Documents\GitHub\zefania-xml-data\ZefaniaXmlBook.vb:Zeile 35.
   bei KoheletNetwork.ZefaniaXmlBible.ValidateDeeply() in C:\Users\bible\Documents\GitHub\zefania-xml-data\ZefaniaXmlBible.vb:Zeile 415.
   --- Ende der internen Ausnahmestapelüberwachung ---
System.Exception: Book short name not available for book index 22 ---> System.NullReferenceException: Der Objektverweis wurde nicht auf eine Objektinstanz festgelegt.
   bei KoheletNetwork.ZefaniaXmlBook.get_BookShortName() in C:\Users\bible\Documents\GitHub\zefania-xml-data\ZefaniaXmlBook.vb:Zeile 35.
   bei KoheletNetwork.ZefaniaXmlBible.ValidateDeeply() in C:\Users\bible\Documents\GitHub\zefania-xml-data\ZefaniaXmlBible.vb:Zeile 415.
   --- Ende der internen Ausnahmestapelüberwachung ---
System.Exception: Book short name not available for book index 23 ---> System.NullReferenceException: Der Objektverweis wurde nicht auf eine Objektinstanz festgelegt.
   bei KoheletNetwork.ZefaniaXmlBook.get_BookShortName() in C:\Users\bible\Documents\GitHub\zefania-xml-data\ZefaniaXmlBook.vb:Zeile 35.
   bei KoheletNetwork.ZefaniaXmlBible.ValidateDeeply() in C:\Users\bible\Documents\GitHub\zefania-xml-data\ZefaniaXmlBible.vb:Zeile 415.
   --- Ende der internen Ausnahmestapelüberwachung ---
System.Exception: Book short name not available for book index 24 ---> System.NullReferenceException: Der Objektverweis wurde nicht auf eine Objektinstanz festgelegt.
   bei KoheletNetwork.ZefaniaXmlBook.get_BookShortName() in C:\Users\bible\Documents\GitHub\zefania-xml-data\ZefaniaXmlBook.vb:Zeile 35.
   bei KoheletNetwork.ZefaniaXmlBible.ValidateDeeply() in C:\Users\bible\Documents\GitHub\zefania-xml-data\ZefaniaXmlBible.vb:Zeile 415.
   --- Ende der internen Ausnahmestapelüberwachung ---
System.Exception: Book short name not available for book index 25 ---> System.NullReferenceException: Der Objektverweis wurde nicht auf eine Objektinstanz festgelegt.
   bei KoheletNetwork.ZefaniaXmlBook.get_BookShortName() in C:\Users\bible\Documents\GitHub\zefania-xml-data\ZefaniaXmlBook.vb:Zeile 35.
   bei KoheletNetwork.ZefaniaXmlBible.ValidateDeeply() in C:\Users\bible\Documents\GitHub\zefania-xml-data\ZefaniaXmlBible.vb:Zeile 415.
   --- Ende der internen Ausnahmestapelüberwachung ---
System.Exception: Book short name not available for book index 26 ---> System.NullReferenceException: Der Objektverweis wurde nicht auf eine Objektinstanz festgelegt.
   bei KoheletNetwork.ZefaniaXmlBook.get_BookShortName() in C:\Users\bible\Documents\GitHub\zefania-xml-data\ZefaniaXmlBook.vb:Zeile 35.
   bei KoheletNetwork.ZefaniaXmlBible.ValidateDeeply() in C:\Users\bible\Documents\GitHub\zefania-xml-data\ZefaniaXmlBible.vb:Zeile 415.
   --- Ende der internen Ausnahmestapelüberwachung ---
System.Exception: Book short name not available for book index 27 ---> System.NullReferenceException: Der Objektverweis wurde nicht auf eine Objektinstanz festgelegt.
   bei KoheletNetwork.ZefaniaXmlBook.get_BookShortName() in C:\Users\bible\Documents\GitHub\zefania-xml-data\ZefaniaXmlBook.vb:Zeile 35.
   bei KoheletNetwork.ZefaniaXmlBible.ValidateDeeply() in C:\Users\bible\Documents\GitHub\zefania-xml-data\ZefaniaXmlBible.vb:Zeile 415.
   --- Ende der internen Ausnahmestapelüberwachung ---
System.Exception: Book short name not available for book index 28 ---> System.NullReferenceException: Der Objektverweis wurde nicht auf eine Objektinstanz festgelegt.
   bei KoheletNetwork.ZefaniaXmlBook.get_BookShortName() in C:\Users\bible\Documents\GitHub\zefania-xml-data\ZefaniaXmlBook.vb:Zeile 35.
   bei KoheletNetwork.ZefaniaXmlBible.ValidateDeeply() in C:\Users\bible\Documents\GitHub\zefania-xml-data\ZefaniaXmlBible.vb:Zeile 415.
   --- Ende der internen Ausnahmestapelüberwachung ---
System.Exception: Book short name not available for book index 29 ---> System.NullReferenceException: Der Objektverweis wurde nicht auf eine Objektinstanz festgelegt.
   bei KoheletNetwork.ZefaniaXmlBook.get_BookShortName() in C:\Users\bible\Documents\GitHub\zefania-xml-data\ZefaniaXmlBook.vb:Zeile 35.
   bei KoheletNetwork.ZefaniaXmlBible.ValidateDeeply() in C:\Users\bible\Documents\GitHub\zefania-xml-data\ZefaniaXmlBible.vb:Zeile 415.
   --- Ende der internen Ausnahmestapelüberwachung ---
System.Exception: Book short name not available for book index 30 ---> System.NullReferenceException: Der Objektverweis wurde nicht auf eine Objektinstanz festgelegt.
   bei KoheletNetwork.ZefaniaXmlBook.get_BookShortName() in C:\Users\bible\Documents\GitHub\zefania-xml-data\ZefaniaXmlBook.vb:Zeile 35.
   bei KoheletNetwork.ZefaniaXmlBible.ValidateDeeply() in C:\Users\bible\Documents\GitHub\zefania-xml-data\ZefaniaXmlBible.vb:Zeile 415.
   --- Ende der internen Ausnahmestapelüberwachung ---
System.Exception: Book short name not available for book index 31 ---> System.NullReferenceException: Der Objektverweis wurde nicht auf eine Objektinstanz festgelegt.
   bei KoheletNetwork.ZefaniaXmlBook.get_BookShortName() in C:\Users\bible\Documents\GitHub\zefania-xml-data\ZefaniaXmlBook.vb:Zeile 35.
   bei KoheletNetwork.ZefaniaXmlBible.ValidateDeeply() in C:\Users\bible\Documents\GitHub\zefania-xml-data\ZefaniaXmlBible.vb:Zeile 415.
   --- Ende der internen Ausnahmestapelüberwachung ---
System.Exception: Book short name not available for book index 32 ---> System.NullReferenceException: Der Objektverweis wurde nicht auf eine Objektinstanz festgelegt.
   bei KoheletNetwork.ZefaniaXmlBook.get_BookShortName() in C:\Users\bible\Documents\GitHub\zefania-xml-data\ZefaniaXmlBook.vb:Zeile 35.
   bei KoheletNetwork.ZefaniaXmlBible.ValidateDeeply() in C:\Users\bible\Documents\GitHub\zefania-xml-data\ZefaniaXmlBible.vb:Zeile 415.
   --- Ende der internen Ausnahmestapelüberwachung ---
System.Exception: Book short name not available for book index 33 ---> System.NullReferenceException: Der Objektverweis wurde nicht auf eine Objektinstanz festgelegt.
   bei KoheletNetwork.ZefaniaXmlBook.get_BookShortName() in C:\Users\bible\Documents\GitHub\zefania-xml-data\ZefaniaXmlBook.vb:Zeile 35.
   bei KoheletNetwork.ZefaniaXmlBible.ValidateDeeply() in C:\Users\bible\Documents\GitHub\zefania-xml-data\ZefaniaXmlBible.vb:Zeile 415.
   --- Ende der internen Ausnahmestapelüberwachung ---
System.Exception: Book short name not available for book index 34 ---> System.NullReferenceException: Der Objektverweis wurde nicht auf eine Objektinstanz festgelegt.
   bei KoheletNetwork.ZefaniaXmlBook.get_BookShortName() in C:\Users\bible\Documents\GitHub\zefania-xml-data\ZefaniaXmlBook.vb:Zeile 35.
   bei KoheletNetwork.ZefaniaXmlBible.ValidateDeeply() in C:\Users\bible\Documents\GitHub\zefania-xml-data\ZefaniaXmlBible.vb:Zeile 415.
   --- Ende der internen Ausnahmestapelüberwachung ---
System.Exception: Book short name not available for book index 35 ---> System.NullReferenceException: Der Objektverweis wurde nicht auf eine Objektinstanz festgelegt.
   bei KoheletNetwork.ZefaniaXmlBook.get_BookShortName() in C:\Users\bible\Documents\GitHub\zefania-xml-data\ZefaniaXmlBook.vb:Zeile 35.
   bei KoheletNetwork.ZefaniaXmlBible.ValidateDeeply() in C:\Users\bible\Documents\GitHub\zefania-xml-data\ZefaniaXmlBible.vb:Zeile 415.
   --- Ende der internen Ausnahmestapelüberwachung ---
System.Exception: Book short name not available for book index 36 ---> System.NullReferenceException: Der Objektverweis wurde nicht auf eine Objektinstanz festgelegt.
   bei KoheletNetwork.ZefaniaXmlBook.get_BookShortName() in C:\Users\bible\Documents\GitHub\zefania-xml-data\ZefaniaXmlBook.vb:Zeile 35.
   bei KoheletNetwork.ZefaniaXmlBible.ValidateDeeply() in C:\Users\bible\Documents\GitHub\zefania-xml-data\ZefaniaXmlBible.vb:Zeile 415.
   --- Ende der internen Ausnahmestapelüberwachung ---
System.Exception: Book short name not available for book index 37 ---> System.NullReferenceException: Der Objektverweis wurde nicht auf eine Objektinstanz festgelegt.
   bei KoheletNetwork.ZefaniaXmlBook.get_BookShortName() in C:\Users\bible\Documents\GitHub\zefania-xml-data\ZefaniaXmlBook.vb:Zeile 35.
   bei KoheletNetwork.ZefaniaXmlBible.ValidateDeeply() in C:\Users\bible\Documents\GitHub\zefania-xml-data\ZefaniaXmlBible.vb:Zeile 415.
   --- Ende der internen Ausnahmestapelüberwachung ---
System.Exception: Book short name not available for book index 38 ---> System.NullReferenceException: Der Objektverweis wurde nicht auf eine Objektinstanz festgelegt.
   bei KoheletNetwork.ZefaniaXmlBook.get_BookShortName() in C:\Users\bible\Documents\GitHub\zefania-xml-data\ZefaniaXmlBook.vb:Zeile 35.
   bei KoheletNetwork.ZefaniaXmlBible.ValidateDeeply() in C:\Users\bible\Documents\GitHub\zefania-xml-data\ZefaniaXmlBible.vb:Zeile 415.
   --- Ende der internen Ausnahmestapelüberwachung ---
System.Exception: Book short name not available for book index 39 ---> System.NullReferenceException: Der Objektverweis wurde nicht auf eine Objektinstanz festgelegt.
   bei KoheletNetwork.ZefaniaXmlBook.get_BookShortName() in C:\Users\bible\Documents\GitHub\zefania-xml-data\ZefaniaXmlBook.vb:Zeile 35.
   bei KoheletNetwork.ZefaniaXmlBible.ValidateDeeply() in C:\Users\bible\Documents\GitHub\zefania-xml-data\ZefaniaXmlBible.vb:Zeile 415.
   --- Ende der internen Ausnahmestapelüberwachung ---
System.Exception: Book short name not available for book index 40 ---> System.NullReferenceException: Der Objektverweis wurde nicht auf eine Objektinstanz festgelegt.
   bei KoheletNetwork.ZefaniaXmlBook.get_BookShortName() in C:\Users\bible\Documents\GitHub\zefania-xml-data\ZefaniaXmlBook.vb:Zeile 35.
   bei KoheletNetwork.ZefaniaXmlBible.ValidateDeeply() in C:\Users\bible\Documents\GitHub\zefania-xml-data\ZefaniaXmlBible.vb:Zeile 415.
   --- Ende der internen Ausnahmestapelüberwachung ---
System.Exception: Book short name not available for book index 41 ---> System.NullReferenceException: Der Objektverweis wurde nicht auf eine Objektinstanz festgelegt.
   bei KoheletNetwork.ZefaniaXmlBook.get_BookShortName() in C:\Users\bible\Documents\GitHub\zefania-xml-data\ZefaniaXmlBook.vb:Zeile 35.
   bei KoheletNetwork.ZefaniaXmlBible.ValidateDeeply() in C:\Users\bible\Documents\GitHub\zefania-xml-data\ZefaniaXmlBible.vb:Zeile 415.
   --- Ende der internen Ausnahmestapelüberwachung ---
System.Exception: Book short name not available for book index 42 ---> System.NullReferenceException: Der Objektverweis wurde nicht auf eine Objektinstanz festgelegt.
   bei KoheletNetwork.ZefaniaXmlBook.get_BookShortName() in C:\Users\bible\Documents\GitHub\zefania-xml-data\ZefaniaXmlBook.vb:Zeile 35.
   bei KoheletNetwork.ZefaniaXmlBible.ValidateDeeply() in C:\Users\bible\Documents\GitHub\zefania-xml-data\ZefaniaXmlBible.vb:Zeile 415.
   --- Ende der internen Ausnahmestapelüberwachung ---
System.Exception: Book short name not available for book index 43 ---> System.NullReferenceException: Der Objektverweis wurde nicht auf eine Objektinstanz festgelegt.
   bei KoheletNetwork.ZefaniaXmlBook.get_BookShortName() in C:\Users\bible\Documents\GitHub\zefania-xml-data\ZefaniaXmlBook.vb:Zeile 35.
   bei KoheletNetwork.ZefaniaXmlBible.ValidateDeeply() in C:\Users\bible\Documents\GitHub\zefania-xml-data\ZefaniaXmlBible.vb:Zeile 415.
   --- Ende der internen Ausnahmestapelüberwachung ---
System.Exception: Book short name not available for book index 44 ---> System.NullReferenceException: Der Objektverweis wurde nicht auf eine Objektinstanz festgelegt.
   bei KoheletNetwork.ZefaniaXmlBook.get_BookShortName() in C:\Users\bible\Documents\GitHub\zefania-xml-data\ZefaniaXmlBook.vb:Zeile 35.
   bei KoheletNetwork.ZefaniaXmlBible.ValidateDeeply() in C:\Users\bible\Documents\GitHub\zefania-xml-data\ZefaniaXmlBible.vb:Zeile 415.
   --- Ende der internen Ausnahmestapelüberwachung ---
System.Exception: Book short name not available for book index 45 ---> System.NullReferenceException: Der Objektverweis wurde nicht auf eine Objektinstanz festgelegt.
   bei KoheletNetwork.ZefaniaXmlBook.get_BookShortName() in C:\Users\bible\Documents\GitHub\zefania-xml-data\ZefaniaXmlBook.vb:Zeile 35.
   bei KoheletNetwork.ZefaniaXmlBible.ValidateDeeply() in C:\Users\bible\Documents\GitHub\zefania-xml-data\ZefaniaXmlBible.vb:Zeile 415.
   --- Ende der internen Ausnahmestapelüberwachung ---
System.Exception: Book short name not available for book index 46 ---> System.NullReferenceException: Der Objektverweis wurde nicht auf eine Objektinstanz festgelegt.
   bei KoheletNetwork.ZefaniaXmlBook.get_BookShortName() in C:\Users\bible\Documents\GitHub\zefania-xml-data\ZefaniaXmlBook.vb:Zeile 35.
   bei KoheletNetwork.ZefaniaXmlBible.ValidateDeeply() in C:\Users\bible\Documents\GitHub\zefania-xml-data\ZefaniaXmlBible.vb:Zeile 415.
   --- Ende der internen Ausnahmestapelüberwachung ---
System.Exception: Book short name not available for book index 47 ---> System.NullReferenceException: Der Objektverweis wurde nicht auf eine Objektinstanz festgelegt.
   bei KoheletNetwork.ZefaniaXmlBook.get_BookShortName() in C:\Users\bible\Documents\GitHub\zefania-xml-data\ZefaniaXmlBook.vb:Zeile 35.
   bei KoheletNetwork.ZefaniaXmlBible.ValidateDeeply() in C:\Users\bible\Documents\GitHub\zefania-xml-data\ZefaniaXmlBible.vb:Zeile 415.
   --- Ende der internen Ausnahmestapelüberwachung ---
System.Exception: Book short name not available for book index 48 ---> System.NullReferenceException: Der Objektverweis wurde nicht auf eine Objektinstanz festgelegt.
   bei KoheletNetwork.ZefaniaXmlBook.get_BookShortName() in C:\Users\bible\Documents\GitHub\zefania-xml-data\ZefaniaXmlBook.vb:Zeile 35.
   bei KoheletNetwork.ZefaniaXmlBible.ValidateDeeply() in C:\Users\bible\Documents\GitHub\zefania-xml-data\ZefaniaXmlBible.vb:Zeile 415.
   --- Ende der internen Ausnahmestapelüberwachung ---
