System.Xml.Schema.XmlSchemaValidationException: Der Typ 'MediaType' ist kein einfacher Typ oder wurde nicht deklariert.
   bei System.Xml.Schema.XmlSchemaValidator.SendValidationEvent(XmlSchemaValidationException e, XmlSeverityType severity)
   bei System.Xml.Schema.XmlSchemaValidator.SendValidationEvent(XmlSchemaException e)
   bei System.Xml.Schema.XmlSchemaValidator.RecompileSchemaSet()
   bei System.Xml.Schema.XmlSchemaValidator.Init()
   bei System.Xml.Schema.XmlSchemaValidator..ctor(XmlNameTable nameTable, XmlSchemaSet schemas, IXmlNamespaceResolver namespaceResolver, XmlSchemaValidationFlags validationFlags)
   bei System.Xml.DocumentSchemaValidator.CreateValidator(XmlSchemaObject partialValidationType, XmlSchemaValidationFlags validationFlags)
   bei System.Xml.DocumentSchemaValidator.Validate(XmlNode nodeToValidate)
   bei System.Xml.XmlDocument.Validate(ValidationEventHandler validationEventHandler, XmlNode nodeToValidate)
   bei System.Xml.XmlDocument.Validate(ValidationEventHandler validationEventHandler)
   bei KoheletNetwork.ZefaniaXmlBible.ValidateXmlDataWithSchema(String targetNamespace, String schemaName) in C:\Users\bible\Documents\GitHub\zefania-xml-data\ZefaniaXmlBible.vb:Zeile 289.
   bei KoheletNetwork.ZefaniaXmlBible.ValidateXmlData() in C:\Users\bible\Documents\GitHub\zefania-xml-data\ZefaniaXmlBible.vb:Zeile 268.
   bei KoheletNetwork.ZefaniaXmlBible.ValidateDeeply() in C:\Users\bible\Documents\GitHub\zefania-xml-data\ZefaniaXmlBible.vb:Zeile 368.
System.Exception: Book name Jeremiáš identified as duplicate for book index 24
System.Exception: Book short name Kni identified as duplicate for book index 6
System.Exception: Book short name Kni identified as duplicate for book index 7
System.Exception: Book short name 1Kn identified as duplicate for book index 10
System.Exception: Book short name 2Kn identified as duplicate for book index 11
System.Exception: Book short name Kni identified as duplicate for book index 14
System.Exception: Book short name Kni identified as duplicate for book index 15
System.Exception: Book short name Kni identified as duplicate for book index 16
System.Exception: Book short name Kni identified as duplicate for book index 17
System.Exception: Book short name Jer identified as duplicate for book index 24
System.Exception: Book short name Fil identified as duplicate for book index 57
